nohup: ignoring input
using CV...
Question 1
Using 1117 columns
Fold:1 2 3 4 5 
Question 1 - Scores after 5 fold: F1: 0.64365 Precision: 0.76996 Recall: 0.90793
Question 2
Using 1109 columns
Fold:1 2 3 4 5 
Question 2 - Scores after 5 fold: F1: 0.54660 Precision: 0.96654 Recall: 0.99748
Question 3
Using 1108 columns
Fold:1 2 3 4 5 
Question 3 - Scores after 5 fold: F1: 0.52358 Precision: 0.91685 Recall: 0.99608
WorkingTime[main]: 212.41 sec, 3.54 min
using CV...
Question 4
Using 1714 columns
Fold:1 2 3 4 5 
Question 4 - Scores after 5 fold: F1: 0.64207 Precision: 0.83788 Recall: 0.96295
Question 5
Using 1712 columns
Fold:1 2 3 4 5 
Question 5 - Scores after 5 fold: F1: 0.64983 Precision: 0.66416 Recall: 0.75863
Question 6
Using 1716 columns
Fold:1 2 3 4 5 
Question 6 - Scores after 5 fold: F1: 0.59369 Precision: 0.80083 Recall: 0.96148
Question 7
Using 1717 columns
Fold:1 2 3 4 5 
Question 7 - Scores after 5 fold: F1: 0.57380 Precision: 0.76123 Recall: 0.94594
Question 8
Using 1708 columns
Fold:1 2 3 4 5 
Question 8 - Scores after 5 fold: F1: 0.51166 Precision: 0.62980 Recall: 0.91338
Question 9
Using 1712 columns
Fold:1 2 3 4 5 
Question 9 - Scores after 5 fold: F1: 0.58424 Precision: 0.75916 Recall: 0.94892
Question 10
Using 1715 columns
Fold:1 2 3 4 5 
Question 10 - Scores after 5 fold: F1: 0.63936 Precision: 0.63076 Recall: 0.66060
Question 11
Using 1713 columns
Fold:1 2 3 4 5 
Question 11 - Scores after 5 fold: F1: 0.56744 Precision: 0.67568 Recall: 0.89405
Question 12
Using 1705 columns
Fold:1 2 3 4 5 
Question 12 - Scores after 5 fold: F1: 0.50669 Precision: 0.85592 Recall: 0.99489
Question 13
Using 1711 columns
Fold:1 2 3 4 5 
Question 13 - Scores after 5 fold: F1: 0.54797 Precision: 0.61829 Recall: 0.15320
WorkingTime[main]: 1201.57 sec, 20.03 min
using CV...
Question 14
Using 1595 columns
Fold:1 2 3 4 5 
Question 14 - Scores after 5 fold: F1: 0.58267 Precision: 0.74278 Recall: 0.93983
Question 15
Using 1595 columns
Fold:1 2 3 4 5 
Question 15 - Scores after 5 fold: F1: 0.65434 Precision: 0.63113 Recall: 0.66139
Question 16
Using 1595 columns
Fold:1 2 3 4 5 
Question 16 - Scores after 5 fold: F1: 0.42457 Precision: 0.72289 Recall: 0.99743
Question 17
Using 1595 columns
Fold:1 2 3 4 5 
Question 17 - Scores after 5 fold: F1: 0.41930 Precision: 0.68460 Recall: 0.99288
Question 18
Using 1595 columns
Fold:1 2 3 4 5 
Question 18 - Scores after 5 fold: F1: 0.51264 Precision: 0.93805 Recall: 0.99829
When using optimal threshold = 0.62...
Q0: F1 = 0.68311
Q1: F1 = 0.59920
Q2: F1 = 0.57019
Q3: F1 = 0.68384
Q4: F1 = 0.63128
Q5: F1 = 0.64686
Q6: F1 = 0.64195
Q7: F1 = 0.56693
Q8: F1 = 0.63798
Q9: F1 = 0.57531
Q10: F1 = 0.61620
Q11: F1 = 0.55089
Q12: F1 = 0.45557
Q13: F1 = 0.63480
Q14: F1 = 0.59443
Q15: F1 = 0.50663
Q16: F1 = 0.54484
Q17: F1 = 0.54316
==> Overall F1 = 0.69721
WorkingTime[main]: 617.26 sec, 10.29 min
