nohup: ignoring input
using CV...
Question 1
Using 1110 columns
Fold:1 2 3 4 5 
Question 1 - Scores after 5 fold: F1: 0.62792 Precision: 0.78104 Recall: 0.92786
Question 2
Using 1102 columns
Fold:1 2 3 4 5 
Question 2 - Scores after 5 fold: F1: 0.50045 Precision: 0.97894 Recall: 0.99948
Question 3
Using 1101 columns
Fold:1 2 3 4 5 
Question 3 - Scores after 5 fold: F1: 0.49248 Precision: 0.93456 Recall: 0.99941
WorkingTime[main]: 161.29 sec, 2.69 min
using CV...
Question 4
Using 1700 columns
Fold:1 2 3 4 5 
Question 4 - Scores after 5 fold: F1: 0.63377 Precision: 0.83743 Recall: 0.96565
Question 5
Using 1698 columns
Fold:1 2 3 4 5 
Question 5 - Scores after 5 fold: F1: 0.65157 Precision: 0.66764 Recall: 0.76574
Question 6
Using 1702 columns
Fold:1 2 3 4 5 
Question 6 - Scores after 5 fold: F1: 0.59171 Precision: 0.80717 Recall: 0.96386
Question 7
Using 1703 columns
Fold:1 2 3 4 5 
Question 7 - Scores after 5 fold: F1: 0.55427 Precision: 0.76207 Recall: 0.95314
Question 8
Using 1694 columns
Fold:1 2 3 4 5 
Question 8 - Scores after 5 fold: F1: 0.49361 Precision: 0.63701 Recall: 0.92988
Question 9
Using 1698 columns
Fold:1 2 3 4 5 
Question 9 - Scores after 5 fold: F1: 0.57524 Precision: 0.76869 Recall: 0.95705
Question 10
Using 1701 columns
Fold:1 2 3 4 5 
Question 10 - Scores after 5 fold: F1: 0.63612 Precision: 0.62929 Recall: 0.68842
Question 11
Using 1699 columns
Fold:1 2 3 4 5 
Question 11 - Scores after 5 fold: F1: 0.55708 Precision: 0.68171 Recall: 0.90402
Question 12
Using 1691 columns
Fold:1 2 3 4 5 
Question 12 - Scores after 5 fold: F1: 0.47175 Precision: 0.86384 Recall: 0.99877
Question 13
Using 1697 columns
Fold:1 2 3 4 5 
Question 13 - Scores after 5 fold: F1: 0.56377 Precision: 0.60555 Recall: 0.18627
WorkingTime[main]: 913.41 sec, 15.22 min
using CV...
Question 14
Using 1595 columns
Fold:1 2 3 4 5 
Question 14 - Scores after 5 fold: F1: 0.58138 Precision: 0.74643 Recall: 0.94125
Question 15
Using 1595 columns
Fold:1 2 3 4 5 
Question 15 - Scores after 5 fold: F1: 0.65529 Precision: 0.63288 Recall: 0.67526
Question 16
Using 1595 columns
Fold:1 2 3 4 5 
Question 16 - Scores after 5 fold: F1: 0.42727 Precision: 0.73543 Recall: 0.99919
Question 17
Using 1595 columns
Fold:1 2 3 4 5 
Question 17 - Scores after 5 fold: F1: 0.42346 Precision: 0.68989 Recall: 0.99265
Question 18
Using 1595 columns
Fold:1 2 3 4 5 
Question 18 - Scores after 5 fold: F1: 0.48735 Precision: 0.95064 Recall: 1.00000
When using optimal threshold = 0.62...
Q0: F1 = 0.67282
Q1: F1 = 0.50946
Q2: F1 = 0.51633
Q3: F1 = 0.67447
Q4: F1 = 0.63232
Q5: F1 = 0.64128
Q6: F1 = 0.62643
Q7: F1 = 0.56830
Q8: F1 = 0.62787
Q9: F1 = 0.58447
Q10: F1 = 0.61064
Q11: F1 = 0.50600
Q12: F1 = 0.46962
Q13: F1 = 0.63759
Q14: F1 = 0.60400
Q15: F1 = 0.48947
Q16: F1 = 0.54628
Q17: F1 = 0.49230
==> Overall F1 = 0.69616
WorkingTime[main]: 450.91 sec, 7.52 min
