nohup: ignoring input
using CV...
Using 1992 columns
Question 4
Fold:1 2 3 4 5 
Question 4 - Scores after 5 fold: F1: 0.64503 Precision: 0.83894 Recall: 0.96143
Question 5
Fold:1 2 3 4 5 
Question 5 - Scores after 5 fold: F1: 0.65107 Precision: 0.66453 Recall: 0.76319
Question 6
Fold:1 2 3 4 5 
Question 6 - Scores after 5 fold: F1: 0.59313 Precision: 0.80072 Recall: 0.95886
Question 7
Fold:1 2 3 4 5 
Question 7 - Scores after 5 fold: F1: 0.57977 Precision: 0.76323 Recall: 0.94578
Question 8
Fold:1 2 3 4 5 
Question 8 - Scores after 5 fold: F1: 0.52203 Precision: 0.63235 Recall: 0.89716
Question 9
Fold:1 2 3 4 5 
Question 9 - Scores after 5 fold: F1: 0.59148 Precision: 0.76167 Recall: 0.94427
Question 10
Fold:1 2 3 4 5 
Question 10 - Scores after 5 fold: F1: 0.63923 Precision: 0.62948 Recall: 0.66554
Question 11
Fold:1 2 3 4 5 
Question 11 - Scores after 5 fold: F1: 0.56940 Precision: 0.67642 Recall: 0.88879
Question 12
Fold:1 2 3 4 5 
Question 12 - Scores after 5 fold: F1: 0.51868 Precision: 0.85746 Recall: 0.99140
Question 13
Fold:1 2 3 4 5 
Question 13 - Scores after 5 fold: F1: 0.55338 Precision: 0.60054 Recall: 0.16393
WorkingTime[main]: 7082.85 sec, 118.05 min
using CV...
Using 2465 columns
Question 14
Fold:1 2 3 4 5 
Question 14 - Scores after 5 fold: F1: 0.58597 Precision: 0.74400 Recall: 0.93752
Question 15
Fold:1 2 3 4 5 
Question 15 - Scores after 5 fold: F1: 0.65282 Precision: 0.62839 Recall: 0.66460
Question 16
Fold:1 2 3 4 5 
Question 16 - Scores after 5 fold: F1: 0.43682 Precision: 0.72448 Recall: 0.99191
Question 17
Fold:1 2 3 4 5 
Question 17 - Scores after 5 fold: F1: 0.43905 Precision: 0.68734 Recall: 0.98236
Question 18
Fold:1 2 3 4 5 
Question 18 - Scores after 5 fold: F1: 0.51097 Precision: 0.93795 Recall: 0.99816
When using optimal threshold = 0.62...
Q0: F1 = 0.68070
Q1: F1 = 0.58361
Q2: F1 = 0.56586
Q3: F1 = 0.68407
Q4: F1 = 0.63350
Q5: F1 = 0.64658
Q6: F1 = 0.64203
Q7: F1 = 0.56648
Q8: F1 = 0.63861
Q9: F1 = 0.58054
Q10: F1 = 0.61432
Q11: F1 = 0.55891
Q12: F1 = 0.47188
Q13: F1 = 0.63367
Q14: F1 = 0.59612
Q15: F1 = 0.51912
Q16: F1 = 0.54702
Q17: F1 = 0.54728
==> Overall F1 = 0.69652
WorkingTime[main]: 4285.08 sec, 71.42 min
