nohup: ignoring input
using CV...
Using 1332 columns
Question 1
Fold:1 2 3 4 5 
Question 1 - Scores after 5 fold: F1: 0.63595 Precision: 0.76582 Recall: 0.91352
Question 2
Fold:1 2 3 4 5 
Question 2 - Scores after 5 fold: F1: 0.52775 Precision: 0.96577 Recall: 0.99858
Question 3
Fold:1 2 3 4 5 
Question 3 - Scores after 5 fold: F1: 0.52707 Precision: 0.91718 Recall: 0.99692
WorkingTime[main]: 128.16 sec, 2.14 min
using CV...
Using 1992 columns
Question 4
Fold:1 2 3 4 5 
Question 4 - Scores after 5 fold: F1: 0.63826 Precision: 0.83662 Recall: 0.96435
Question 5
Fold:1 2 3 4 5 
Question 5 - Scores after 5 fold: F1: 0.64873 Precision: 0.66275 Recall: 0.76103
Question 6
Fold:1 2 3 4 5 
Question 6 - Scores after 5 fold: F1: 0.58641 Precision: 0.79870 Recall: 0.96331
Question 7
Fold:1 2 3 4 5 
Question 7 - Scores after 5 fold: F1: 0.57016 Precision: 0.76010 Recall: 0.94915
Question 8
Fold:1 2 3 4 5 
Question 8 - Scores after 5 fold: F1: 0.51912 Precision: 0.63172 Recall: 0.90312
Question 9
Fold:1 2 3 4 5 
Question 9 - Scores after 5 fold: F1: 0.58137 Precision: 0.75819 Recall: 0.94664
Question 10
Fold:1 2 3 4 5 
Question 10 - Scores after 5 fold: F1: 0.63833 Precision: 0.62908 Recall: 0.66262
Question 11
Fold:1 2 3 4 5 
Question 11 - Scores after 5 fold: F1: 0.56349 Precision: 0.67398 Recall: 0.89631
Question 12
Fold:1 2 3 4 5 
Question 12 - Scores after 5 fold: F1: 0.51090 Precision: 0.85641 Recall: 0.99305
Question 13
Fold:1 2 3 4 5 
Question 13 - Scores after 5 fold: F1: 0.54452 Precision: 0.61404 Recall: 0.14850
WorkingTime[main]: 487.54 sec, 8.13 min
using CV...
Using 2465 columns
Question 14
Fold:1 2 3 4 5 
Question 14 - Scores after 5 fold: F1: 0.58159 Precision: 0.74239 Recall: 0.93833
Question 15
Fold:1 2 3 4 5 
Question 15 - Scores after 5 fold: F1: 0.65309 Precision: 0.63010 Recall: 0.65950
Question 16
Fold:1 2 3 4 5 
Question 16 - Scores after 5 fold: F1: 0.43092 Precision: 0.72367 Recall: 0.99437
Question 17
Fold:1 2 3 4 5 
Question 17 - Scores after 5 fold: F1: 0.43006 Precision: 0.68599 Recall: 0.98686
Question 18
Fold:1 2 3 4 5 
Question 18 - Scores after 5 fold: F1: 0.50670 Precision: 0.93768 Recall: 0.99860
When using optimal threshold = 0.62...
Q0: F1 = 0.67883
Q1: F1 = 0.57439
Q2: F1 = 0.56017
Q3: F1 = 0.68210
Q4: F1 = 0.63148
Q5: F1 = 0.64268
Q6: F1 = 0.63653
Q7: F1 = 0.56557
Q8: F1 = 0.64054
Q9: F1 = 0.57578
Q10: F1 = 0.61341
Q11: F1 = 0.55471
Q12: F1 = 0.45625
Q13: F1 = 0.63413
Q14: F1 = 0.59261
Q15: F1 = 0.50943
Q16: F1 = 0.54393
Q17: F1 = 0.53245
==> Overall F1 = 0.69599
WorkingTime[main]: 392.03 sec, 6.53 min
